Build started 2/23/2016 2:21:56 AM.
     1>Project "C:\Users\Darrus\Desktop\SP2\SP-2 Framework\CGDarrus\CGDarrus.vcxproj" on node 2 (Build target(s)).
     1>C:\Program Files (x86)\MSBuild\Microsoft.Cpp\v4.0\V120\Microsoft.CppBuild.targets(381,5): warning MSB8028: The intermediate directory (Debug\) contains files shared from another project (CGDarrus.vcxproj).  This can lead to incorrect clean and rebuild behavior.
     1>ClCompile:
         D:\Program Files (x86)\Microsoft Visual Studio 12.0\VC\bin\CL.exe /c /I"C:\Users\Darrus\Desktop\SP2\SP-2 Framework\\glew\include" /I"C:\Users\Darrus\Desktop\SP2\SP-2 Framework\\glfw\include" /I"C:\Users\Darrus\Desktop\SP2\SP-2 Framework\\Common\Source" /ZI /nologo /W3 /WX- /sdl /Od /Oy- /D WIN32 /D _DEBUG /D _CONSOLE /D _LIB /D _UNICODE /D UNICODE /Gm /EHsc /RTC1 /MDd /GS /fp:precise /Zc:wchar_t /Zc:forScope /Fo"Debug\\" /Fd"Debug\vc120.pdb" /Gd /TP /analyze- /errorReport:prompt Source\AABB.cpp Source\Application.cpp Source\Asteroid.cpp Source\Bullet.cpp Source\Camera.cpp Source\LoadOBJ.cpp Source\LoadTGA.cpp Source\main.cpp Source\Mesh.cpp Source\MeshBuilder.cpp Source\MousePicker.cpp Source\Object.cpp Source\pathFinding.cpp Source\shader.cpp Source\SP2.cpp Source\Utility.cpp Source\Vehicles.cpp
         Skipping... (no relevant changes detected)
         Vehicles.cpp
         Utility.cpp
         SP2.cpp
         shader.cpp
         pathFinding.cpp
         Object.cpp
         MousePicker.cpp
         MeshBuilder.cpp
         Mesh.cpp
         main.cpp
         LoadTGA.cpp
         LoadOBJ.cpp
         Camera.cpp
         Bullet.cpp
         Asteroid.cpp
         Application.cpp
         AABB.cpp
       Link:
         D:\Program Files (x86)\Microsoft Visual Studio 12.0\VC\bin\link.exe /ERRORREPORT:PROMPT /OUT:"C:\Users\Darrus\Desktop\SP2\SP-2 Framework\Debug\Zyzrag.exe" /INCREMENTAL /NOLOGO /LIBPATH:"C:\Users\Darrus\Desktop\SP2\SP-2 Framework\\glew\lib" /LIBPATH:"C:\Users\Darrus\Desktop\SP2\SP-2 Framework\\glfw\lib-msvc120" /LIBPATH:"C:\Users\Darrus\Desktop\SP2\SP-2 Framework\Debug" glew32.lib glu32.lib glfw3.lib opengl32.lib winmm.lib Common.lib kernel32.lib user32.lib gdi32.lib winspool.lib comdlg32.lib advapi32.lib shell32.lib ole32.lib oleaut32.lib uuid.lib odbc32.lib odbccp32.lib /MANIFEST /MANIFESTUAC:"level='asInvoker' uiAccess='false'" /manifest:embed /DEBUG /PDB:"C:\Users\Darrus\Desktop\SP2\SP-2 Framework\Debug\Zyzrag.pdb" /SUBSYSTEM:CONSOLE /TLBID:1 /DYNAMICBASE /NXCOMPAT /IMPLIB:"C:\Users\Darrus\Desktop\SP2\SP-2 Framework\Debug\Zyzrag.lib" /MACHINE:X86 Debug\AABB.obj
         Debug\Application.obj
         Debug\Asteroid.obj
         Debug\Bullet.obj
         Debug\Camera.obj
         Debug\LoadOBJ.obj
         Debug\LoadTGA.obj
         Debug\main.obj
         Debug\Mesh.obj
         Debug\MeshBuilder.obj
         Debug\MousePicker.obj
         Debug\Object.obj
         Debug\pathFinding.obj
         Debug\shader.obj
         Debug\SP2.obj
         Debug\Utility.obj
         Debug\Vehicles.obj
     1>LINK : warning LNK4098: defaultlib 'MSVCRT' conflicts with use of other libs; use /NODEFAULTLIB:library
         CGDarrus.vcxproj -> C:\Users\Darrus\Desktop\SP2\SP-2 Framework\Debug\Zyzrag.exe
     1>Done Building Project "C:\Users\Darrus\Desktop\SP2\SP-2 Framework\CGDarrus\CGDarrus.vcxproj" (Build target(s)).

Build succeeded.

Time Elapsed 00:00:00.46
