c:\users\darrus\desktop\sp2\sp-2 framework\zyzrag\debug\vc120.pdb
c:\users\darrus\desktop\sp2\sp-2 framework\zyzrag\debug\vc120.idb
c:\users\darrus\desktop\sp2\sp-2 framework\zyzrag\debug\asteroid.obj
c:\users\darrus\desktop\sp2\sp-2 framework\zyzrag\debug\bullet.obj
c:\users\darrus\desktop\sp2\sp-2 framework\zyzrag\debug\camera.obj
c:\users\darrus\desktop\sp2\sp-2 framework\zyzrag\debug\earth.obj
c:\users\darrus\desktop\sp2\sp-2 framework\zyzrag\debug\explosion.obj
c:\users\darrus\desktop\sp2\sp-2 framework\zyzrag\debug\loadobj.obj
c:\users\darrus\desktop\sp2\sp-2 framework\zyzrag\debug\loadtga.obj
c:\users\darrus\desktop\sp2\sp-2 framework\zyzrag\debug\main.obj
c:\users\darrus\desktop\sp2\sp-2 framework\zyzrag\debug\mesh.obj
c:\users\darrus\desktop\sp2\sp-2 framework\zyzrag\debug\meshbuilder.obj
c:\users\darrus\desktop\sp2\sp-2 framework\zyzrag\debug\mousepicker.obj
c:\users\darrus\desktop\sp2\sp-2 framework\zyzrag\debug\npc.obj
c:\users\darrus\desktop\sp2\sp-2 framework\zyzrag\debug\object.obj
c:\users\darrus\desktop\sp2\sp-2 framework\zyzrag\debug\pathfinding.obj
c:\users\darrus\desktop\sp2\sp-2 framework\zyzrag\debug\playervehicle.obj
c:\users\darrus\desktop\sp2\sp-2 framework\zyzrag\debug\shader.obj
c:\users\darrus\desktop\sp2\sp-2 framework\zyzrag\debug\shop.obj
c:\users\darrus\desktop\sp2\sp-2 framework\zyzrag\debug\sp2.obj
c:\users\darrus\desktop\sp2\sp-2 framework\zyzrag\debug\utility.obj
c:\users\darrus\desktop\sp2\sp-2 framework\zyzrag\debug\vehicles.obj
c:\users\darrus\desktop\sp2\sp-2 framework\zyzrag\debug\aabb.obj
c:\users\darrus\desktop\sp2\sp-2 framework\zyzrag\debug\application.obj
c:\users\darrus\desktop\sp2\sp-2 framework\debug\zyzrag.pdb
c:\users\darrus\desktop\sp2\sp-2 framework\zyzrag\debug\zyzrag.tlog\cl.command.1.tlog
c:\users\darrus\desktop\sp2\sp-2 framework\zyzrag\debug\zyzrag.tlog\cl.read.1.tlog
c:\users\darrus\desktop\sp2\sp-2 framework\zyzrag\debug\zyzrag.tlog\cl.write.1.tlog
c:\users\darrus\desktop\sp2\sp-2 framework\zyzrag\debug\zyzrag.tlog\link-cvtres.read.1.tlog
c:\users\darrus\desktop\sp2\sp-2 framework\zyzrag\debug\zyzrag.tlog\link-cvtres.write.1.tlog
c:\users\darrus\desktop\sp2\sp-2 framework\zyzrag\debug\zyzrag.tlog\link-rc.read.1.tlog
c:\users\darrus\desktop\sp2\sp-2 framework\zyzrag\debug\zyzrag.tlog\link-rc.write.1.tlog
c:\users\darrus\desktop\sp2\sp-2 framework\zyzrag\debug\zyzrag.tlog\link.command.1.tlog
c:\users\darrus\desktop\sp2\sp-2 framework\zyzrag\debug\zyzrag.tlog\link.read.1.tlog
c:\users\darrus\desktop\sp2\sp-2 framework\zyzrag\debug\zyzrag.tlog\link.write.1.tlog
