c:\users\alvin\desktop\sp2\sp-2 framework\cgdarrus\debug\vc120.pdb
c:\users\alvin\desktop\sp2\sp-2 framework\cgdarrus\debug\vc120.idb
c:\users\alvin\desktop\sp2\sp-2 framework\cgdarrus\debug\aabb.obj
c:\users\alvin\desktop\sp2\sp-2 framework\cgdarrus\debug\application.obj
c:\users\alvin\desktop\sp2\sp-2 framework\cgdarrus\debug\camera.obj
c:\users\alvin\desktop\sp2\sp-2 framework\cgdarrus\debug\loadobj.obj
c:\users\alvin\desktop\sp2\sp-2 framework\cgdarrus\debug\loadtga.obj
c:\users\alvin\desktop\sp2\sp-2 framework\cgdarrus\debug\main.obj
c:\users\alvin\desktop\sp2\sp-2 framework\cgdarrus\debug\mesh.obj
c:\users\alvin\desktop\sp2\sp-2 framework\cgdarrus\debug\meshbuilder.obj
c:\users\alvin\desktop\sp2\sp-2 framework\cgdarrus\debug\mousepicker.obj
c:\users\alvin\desktop\sp2\sp-2 framework\cgdarrus\debug\object.obj
c:\users\alvin\desktop\sp2\sp-2 framework\cgdarrus\debug\pathfinding.obj
c:\users\alvin\desktop\sp2\sp-2 framework\cgdarrus\debug\shader.obj
c:\users\alvin\desktop\sp2\sp-2 framework\cgdarrus\debug\sp2.obj
c:\users\alvin\desktop\sp2\sp-2 framework\cgdarrus\debug\utility.obj
c:\users\alvin\desktop\sp2\sp-2 framework\cgdarrus\debug\vehicles.obj
c:\users\alvin\desktop\sp2\sp-2 framework\cgdarrus\debug\bullet.obj
c:\users\alvin\desktop\sp2\sp-2 framework\debug\cgdarrus.pdb
c:\users\alvin\desktop\sp2\sp-2 framework\cgdarrus\debug\cgdarrus.tlog\cl.command.1.tlog
c:\users\alvin\desktop\sp2\sp-2 framework\cgdarrus\debug\cgdarrus.tlog\cl.read.1.tlog
c:\users\alvin\desktop\sp2\sp-2 framework\cgdarrus\debug\cgdarrus.tlog\cl.write.1.tlog
c:\users\alvin\desktop\sp2\sp-2 framework\cgdarrus\debug\cgdarrus.tlog\link-cvtres.read.1.tlog
c:\users\alvin\desktop\sp2\sp-2 framework\cgdarrus\debug\cgdarrus.tlog\link-cvtres.write.1.tlog
c:\users\alvin\desktop\sp2\sp-2 framework\cgdarrus\debug\cgdarrus.tlog\link-rc.read.1.tlog
c:\users\alvin\desktop\sp2\sp-2 framework\cgdarrus\debug\cgdarrus.tlog\link-rc.write.1.tlog
c:\users\alvin\desktop\sp2\sp-2 framework\cgdarrus\debug\cgdarrus.tlog\link.command.1.tlog
c:\users\alvin\desktop\sp2\sp-2 framework\cgdarrus\debug\cgdarrus.tlog\link.read.1.tlog
c:\users\alvin\desktop\sp2\sp-2 framework\cgdarrus\debug\cgdarrus.tlog\link.write.1.tlog
