Build started 2/22/2016 10:53:15 AM.
     1>Project "C:\Users\n1507\Desktop\SP2\SP-2 Framework\CGDarrus\CGDarrus.vcxproj" on node 2 (Build target(s)).
     1>ClCompile:
         D:\Program Files (x86)\Microsoft Visual Studio 12.0\VC\bin\CL.exe /c /I"C:\Users\n1507\Desktop\SP2\SP-2 Framework\\glew\include" /I"C:\Users\n1507\Desktop\SP2\SP-2 Framework\\glfw\include" /I"C:\Users\n1507\Desktop\SP2\SP-2 Framework\\Common\Source" /ZI /nologo /W3 /WX- /sdl /Od /Oy- /D WIN32 /D _DEBUG /D _CONSOLE /D _LIB /D _UNICODE /D UNICODE /Gm /EHsc /RTC1 /MDd /GS /fp:precise /Zc:wchar_t /Zc:forScope /Fo"Debug\\" /Fd"Debug\vc120.pdb" /Gd /TP /analyze- /errorReport:prompt Source\SP2.cpp
         SP2.cpp
     1>c:\users\n1507\desktop\sp2\sp-2 framework\cgdarrus\source\sp2.cpp(268): warning C4244: '+=' : conversion from 'double' to 'float', possible loss of data
     1>c:\users\n1507\desktop\sp2\sp-2 framework\cgdarrus\source\sp2.cpp(302): warning C4244: 'argument' : conversion from 'double' to 'int', possible loss of data
     1>c:\users\n1507\desktop\sp2\sp-2 framework\cgdarrus\source\sp2.cpp(535): warning C4305: 'argument' : truncation from 'double' to 'float'
       Link:
         D:\Program Files (x86)\Microsoft Visual Studio 12.0\VC\bin\link.exe /ERRORREPORT:PROMPT /OUT:"C:\Users\n1507\Desktop\SP2\SP-2 Framework\Debug\CGDarrus.exe" /INCREMENTAL /NOLOGO /LIBPATH:"C:\Users\n1507\Desktop\SP2\SP-2 Framework\\glew\lib" /LIBPATH:"C:\Users\n1507\Desktop\SP2\SP-2 Framework\\glfw\lib-msvc120" /LIBPATH:"C:\Users\n1507\Desktop\SP2\SP-2 Framework\Debug" glew32.lib glu32.lib glfw3.lib opengl32.lib winmm.lib Common.lib kernel32.lib user32.lib gdi32.lib winspool.lib comdlg32.lib advapi32.lib shell32.lib ole32.lib oleaut32.lib uuid.lib odbc32.lib odbccp32.lib /MANIFEST /MANIFESTUAC:"level='asInvoker' uiAccess='false'" /manifest:embed /DEBUG /PDB:"C:\Users\n1507\Desktop\SP2\SP-2 Framework\Debug\CGDarrus.pdb" /SUBSYSTEM:CONSOLE /TLBID:1 /DYNAMICBASE /NXCOMPAT /IMPLIB:"C:\Users\n1507\Desktop\SP2\SP-2 Framework\Debug\CGDarrus.lib" /MACHINE:X86 Debug\AABB.obj
         Debug\Application.obj
         Debug\Bullet.obj
         Debug\Camera.obj
         Debug\LoadOBJ.obj
         Debug\LoadTGA.obj
         Debug\main.obj
         Debug\Mesh.obj
         Debug\MeshBuilder.obj
         Debug\MousePicker.obj
         Debug\Object.obj
         Debug\pathFinding.obj
         Debug\shader.obj
         Debug\SP2.obj
         Debug\Utility.obj
         Debug\Vehicles.obj
     1>LINK : warning LNK4098: defaultlib 'MSVCRT' conflicts with use of other libs; use /NODEFAULTLIB:library
     1>shader.obj : warning LNK4099: PDB 'vc120.pdb' was not found with 'shader.obj' or at 'C:\Users\n1507\Desktop\SP2\SP-2 Framework\Debug\vc120.pdb'; linking object as if no debug info
     1>LoadTGA.obj : warning LNK4099: PDB 'vc120.pdb' was not found with 'LoadTGA.obj' or at 'C:\Users\n1507\Desktop\SP2\SP-2 Framework\Debug\vc120.pdb'; linking object as if no debug info
         CGDarrus.vcxproj -> C:\Users\n1507\Desktop\SP2\SP-2 Framework\Debug\CGDarrus.exe
     1>Done Building Project "C:\Users\n1507\Desktop\SP2\SP-2 Framework\CGDarrus\CGDarrus.vcxproj" (Build target(s)).

Build succeeded.

Time Elapsed 00:00:01.27
